[0.401s] Invoking command in '/home/crash-cart/ros2_ws/src/my_package': PYTHONPATH=/home/crash-cart/ros2_ws/build/my_package/prefix_override:/home/crash-cart/ros2_ws/install/my_package/lib/python3.10/site-packages:${PYTHONPATH} /usr/bin/python3 setup.py egg_info --egg-base ../../build/my_package build --build-base /home/crash-cart/ros2_ws/build/my_package/build install --record /home/crash-cart/ros2_ws/build/my_package/install.log --single-version-externally-managed
[0.529s] running egg_info
[0.529s] writing ../../build/my_package/my_package.egg-info/PKG-INFO
[0.529s] writing dependency_links to ../../build/my_package/my_package.egg-info/dependency_links.txt
[0.529s] writing entry points to ../../build/my_package/my_package.egg-info/entry_points.txt
[0.529s] writing requirements to ../../build/my_package/my_package.egg-info/requires.txt
[0.529s] writing top-level names to ../../build/my_package/my_package.egg-info/top_level.txt
[0.530s] reading manifest file '../../build/my_package/my_package.egg-info/SOURCES.txt'
[0.531s] writing manifest file '../../build/my_package/my_package.egg-info/SOURCES.txt'
[0.531s] running build
[0.531s] running build_py
[0.531s] running install
[0.531s] /usr/lib/python3/dist-packages/setuptools/command/install.py:34: SetuptoolsDeprecationWarning: setup.py install is deprecated. Use build and pip and other standards-based tools.
[0.531s]   warnings.warn(
[0.531s] running install_lib
[0.532s] running install_data
[0.532s] running install_egg_info
[0.533s] removing '/home/crash-cart/ros2_ws/install/my_package/lib/python3.10/site-packages/my_package-0.0.0-py3.10.egg-info' (and everything under it)
[0.533s] Copying ../../build/my_package/my_package.egg-info to /home/crash-cart/ros2_ws/install/my_package/lib/python3.10/site-packages/my_package-0.0.0-py3.10.egg-info
[0.534s] running install_scripts
[0.547s] Installing talker script to /home/crash-cart/ros2_ws/install/my_package/lib/my_package
[0.547s] writing list of installed files to '/home/crash-cart/ros2_ws/build/my_package/install.log'
[0.561s] Invoked command in '/home/crash-cart/ros2_ws/src/my_package' returned '0': PYTHONPATH=/home/crash-cart/ros2_ws/build/my_package/prefix_override:/home/crash-cart/ros2_ws/install/my_package/lib/python3.10/site-packages:${PYTHONPATH} /usr/bin/python3 setup.py egg_info --egg-base ../../build/my_package build --build-base /home/crash-cart/ros2_ws/build/my_package/build install --record /home/crash-cart/ros2_ws/build/my_package/install.log --single-version-externally-managed
