[0.443s] Invoking command in '/home/crash-cart/ros2_ws/src/my_package': PYTHONPATH=/home/crash-cart/ros2_ws/build/my_package/prefix_override:/home/crash-cart/ros2_ws/install/my_package/lib/python3.10/site-packages:${PYTHONPATH} /usr/bin/python3 setup.py egg_info --egg-base ../../build/my_package build --build-base /home/crash-cart/ros2_ws/build/my_package/build install --record /home/crash-cart/ros2_ws/build/my_package/install.log --single-version-externally-managed
[0.570s] running egg_info
[0.571s] creating ../../build/my_package/my_package.egg-info
[0.571s] writing ../../build/my_package/my_package.egg-info/PKG-INFO
[0.571s] writing dependency_links to ../../build/my_package/my_package.egg-info/dependency_links.txt
[0.571s] writing entry points to ../../build/my_package/my_package.egg-info/entry_points.txt
[0.571s] writing requirements to ../../build/my_package/my_package.egg-info/requires.txt
[0.571s] writing top-level names to ../../build/my_package/my_package.egg-info/top_level.txt
[0.571s] writing manifest file '../../build/my_package/my_package.egg-info/SOURCES.txt'
[0.572s] reading manifest file '../../build/my_package/my_package.egg-info/SOURCES.txt'
[0.573s] writing manifest file '../../build/my_package/my_package.egg-info/SOURCES.txt'
[0.573s] running build
[0.573s] running build_py
[0.573s] creating /home/crash-cart/ros2_ws/build/my_package/build
[0.573s] creating /home/crash-cart/ros2_ws/build/my_package/build/lib
[0.573s] creating /home/crash-cart/ros2_ws/build/my_package/build/lib/my_package
[0.573s] copying my_package/talker.py -> /home/crash-cart/ros2_ws/build/my_package/build/lib/my_package
[0.573s] copying my_package/__init__.py -> /home/crash-cart/ros2_ws/build/my_package/build/lib/my_package
[0.573s] running install
[0.579s] /usr/lib/python3/dist-packages/setuptools/command/install.py:34: SetuptoolsDeprecationWarning: setup.py install is deprecated. Use build and pip and other standards-based tools.
[0.579s]   warnings.warn(
[0.579s] running install_lib
[0.579s] creating /home/crash-cart/ros2_ws/install/my_package/lib/python3.10/site-packages/my_package
[0.579s] copying /home/crash-cart/ros2_ws/build/my_package/build/lib/my_package/talker.py -> /home/crash-cart/ros2_ws/install/my_package/lib/python3.10/site-packages/my_package
[0.580s] copying /home/crash-cart/ros2_ws/build/my_package/build/lib/my_package/__init__.py -> /home/crash-cart/ros2_ws/install/my_package/lib/python3.10/site-packages/my_package
[0.580s] byte-compiling /home/crash-cart/ros2_ws/install/my_package/lib/python3.10/site-packages/my_package/talker.py to talker.cpython-310.pyc
[0.580s] byte-compiling /home/crash-cart/ros2_ws/install/my_package/lib/python3.10/site-packages/my_package/__init__.py to __init__.cpython-310.pyc
[0.580s] running install_data
[0.580s] creating /home/crash-cart/ros2_ws/install/my_package/share/ament_index
[0.580s] creating /home/crash-cart/ros2_ws/install/my_package/share/ament_index/resource_index
[0.581s] creating /home/crash-cart/ros2_ws/install/my_package/share/ament_index/resource_index/packages
[0.581s] copying resource/my_package -> /home/crash-cart/ros2_ws/install/my_package/share/ament_index/resource_index/packages
[0.581s] copying package.xml -> /home/crash-cart/ros2_ws/install/my_package/share/my_package
[0.581s] running install_egg_info
[0.582s] Copying ../../build/my_package/my_package.egg-info to /home/crash-cart/ros2_ws/install/my_package/lib/python3.10/site-packages/my_package-0.0.0-py3.10.egg-info
[0.582s] running install_scripts
[0.594s] Installing talker script to /home/crash-cart/ros2_ws/install/my_package/lib/my_package
[0.594s] writing list of installed files to '/home/crash-cart/ros2_ws/build/my_package/install.log'
[0.609s] Invoked command in '/home/crash-cart/ros2_ws/src/my_package' returned '0': PYTHONPATH=/home/crash-cart/ros2_ws/build/my_package/prefix_override:/home/crash-cart/ros2_ws/install/my_package/lib/python3.10/site-packages:${PYTHONPATH} /usr/bin/python3 setup.py egg_info --egg-base ../../build/my_package build --build-base /home/crash-cart/ros2_ws/build/my_package/build install --record /home/crash-cart/ros2_ws/build/my_package/install.log --single-version-externally-managed
